<?xml version="1.0" encoding="UTF-8"?>
<testsuite xmlns:xsi="http://www.w3.org/2001/XMLSchema-instance" xsi:noNamespaceSchemaLocation="https://maven.apache.org/surefire/maven-surefire-plugin/xsd/surefire-test-report.xsd" version="3.0.2" name="br.com.cantaruttim.StartUpTests" time="8.246" tests="1" errors="0" skipped="0" failures="0">
  <properties>
[...]
</properties>
  <testcase name="contextLoads" classname="br.com.cantaruttim.StartUpTests" time="2.621">
    <system-out><![CDATA[19:54:36.849 [main] INFO org.springframework.test.context.support.AnnotationConfigContextLoaderUtils -- Could not detect default configuration classes for test class [br.com.cantaruttim.StartUpTests]: StartUpTests does not declare any static, non-private, non-final, nested classes annotated with @Configuration.
19:54:37.254 [main] INFO org.springframework.boot.test.context.SpringBootTestContextBootstrapper -- Found @SpringBootConfiguration br.com.cantaruttim.StartUp for test class br.com.cantaruttim.StartUpTests
19:54:37.849 [main] INFO org.springframework.boot.devtools.restart.RestartApplicationListener -- Restart disabled due to context in which it is running

  .   ____          _            __ _ _
 /\\ / ___'_ __ _ _(_)_ __  __ _ \ \ \ \
( ( )\___ | '_ | '_| | '_ \/ _` | \ \ \ \
 \\/  ___)| |_)| | | | | || (_| |  ) ) ) )
  '  |____| .__|_| |_|_| |_\__, | / / / /
 =========|_|==============|___/=/_/_/_/

 :: Spring Boot ::                (v3.4.0)

2025-08-26T19:54:38.683-03:00  INFO 35456 --- [           main] br.com.cantaruttim.StartUpTests          : Starting StartUpTests using Java 21.0.6 with PID 35456 (started by matheuscantarutti in /Users/matheuscantarutti/Desktop/Pessoal/Estudos/Java/projectUm)
2025-08-26T19:54:38.688-03:00  INFO 35456 --- [           main] br.com.cantaruttim.StartUpTests          : No active profile set, falling back to 1 default profile: "default"
2025-08-26T19:54:41.374-03:00  INFO 35456 --- [           main] br.com.cantaruttim.StartUpTests          : Started StartUpTests in 3.564 seconds (process running for 9.397)
]]></system-out>
    <system-err><![CDATA[Mockito is currently self-attaching to enable the inline-mock-maker. This will no longer work in future releases of the JDK. Please add Mockito as an agent to your build what is described in Mockito's documentation: https://javadoc.io/doc/org.mockito/mockito-core/latest/org/mockito/Mockito.html#0.3
WARNING: A Java agent has been loaded dynamically (/Users/matheuscantarutti/.m2/repository/net/bytebuddy/byte-buddy-agent/1.15.10/byte-buddy-agent-1.15.10.jar)
WARNING: If a serviceability tool is in use, please run with -XX:+EnableDynamicAgentLoading to hide this warning
WARNING: If a serviceability tool is not in use, please run with -Djdk.instrument.traceUsage for more information
WARNING: Dynamic loading of agents will be disallowed by default in a future release
]]></system-err>
  </testcase>
</testsuite>